c:\users\v-zhuxia\documents\visual studio 2013\projects\lt228\lt165\debug\lt165.pch
c:\users\v-zhuxia\documents\visual studio 2013\projects\lt228\lt165\debug\vc120.pdb
c:\users\v-zhuxia\documents\visual studio 2013\projects\lt228\lt165\debug\vc120.idb
c:\users\v-zhuxia\documents\visual studio 2013\projects\lt228\lt165\debug\stdafx.obj
c:\users\v-zhuxia\documents\visual studio 2013\projects\lt228\lt165\debug\lt165.obj
c:\users\v-zhuxia\documents\visual studio 2013\projects\lt228\debug\lt165.ilk
c:\users\v-zhuxia\documents\visual studio 2013\projects\lt228\debug\lt165.exe
c:\users\v-zhuxia\documents\visual studio 2013\projects\lt228\debug\lt165.pdb
d:\lt228\lt165\debug\lt165.obj
d:\lt228\lt165\debug\stdafx.obj
d:\lt228\lt165\debug\lt165.pch
d:\lt228\lt165\debug\vc120.idb
d:\lt228\lt165\debug\vc120.pdb
d:\lt228\debug\lt165.pdb
d:\lt228\debug\lt165.exe
d:\lt228\debug\lt165.ilk
d:\lt228\lt165\debug\lt165.tlog\cl.command.1.tlog
d:\lt228\lt165\debug\lt165.tlog\cl.read.1.tlog
d:\lt228\lt165\debug\lt165.tlog\cl.write.1.tlog
d:\lt228\lt165\debug\lt165.tlog\link.command.1.tlog
d:\lt228\lt165\debug\lt165.tlog\link.read.1.tlog
d:\lt228\lt165\debug\lt165.tlog\link.write.1.tlog
