c:\users\v-zhuxia\documents\visual studio 2013\projects\lt228\lt228\debug\lt228.pch
c:\users\v-zhuxia\documents\visual studio 2013\projects\lt228\lt228\debug\vc120.pdb
c:\users\v-zhuxia\documents\visual studio 2013\projects\lt228\lt228\debug\vc120.idb
c:\users\v-zhuxia\documents\visual studio 2013\projects\lt228\lt228\debug\stdafx.obj
c:\users\v-zhuxia\documents\visual studio 2013\projects\lt228\lt228\debug\lt228.obj
c:\users\v-zhuxia\documents\visual studio 2013\projects\lt228\debug\lt228.ilk
c:\users\v-zhuxia\documents\visual studio 2013\projects\lt228\debug\lt228.exe
c:\users\v-zhuxia\documents\visual studio 2013\projects\lt228\debug\lt228.pdb
d:\lt228\lt228\debug\lt228.obj
d:\lt228\lt228\debug\stdafx.obj
d:\lt228\lt228\debug\lt228.pch
d:\lt228\lt228\debug\vc120.idb
d:\lt228\lt228\debug\vc120.pdb
d:\lt228\debug\lt228.pdb
d:\lt228\debug\lt228.exe
d:\lt228\debug\lt228.ilk
d:\lt228\lt228\debug\lt228.tlog\cl.command.1.tlog
d:\lt228\lt228\debug\lt228.tlog\cl.read.1.tlog
d:\lt228\lt228\debug\lt228.tlog\cl.write.1.tlog
d:\lt228\lt228\debug\lt228.tlog\link.command.1.tlog
d:\lt228\lt228\debug\lt228.tlog\link.read.1.tlog
d:\lt228\lt228\debug\lt228.tlog\link.write.1.tlog
